<?xml version="1.0" encoding="UTF-8"?>
<testng-results ignored="0" total="1" passed="1" failed="0" skipped="0">
  <reporter-output>
  </reporter-output>
  <suite started-at="2024-09-16T21:32:07 IST" name="Suite" finished-at="2024-09-16T21:32:15 IST" duration-ms="7331">
    <groups>
      <group name="cucumber">
        <method signature="AbstractTestNGCucumberTests.runScenario(io.cucumber.testng.PickleWrapper,io.cucumber.testng.FeatureWrapper)[pri:0, instance:cucumber.Options.TestRunnerTestNG@43195e57]" name="runScenario" class="io.cucumber.testng.AbstractTestNGCucumberTests"/>
      </group> <!-- cucumber -->
    </groups>
    <test started-at="2024-09-16T21:32:07 IST" name="API Tests" finished-at="2024-09-16T21:32:15 IST" duration-ms="7331">
      <class name="cucumber.Options.TestRunnerTestNG">
        <test-method is-config="true" signature="setUpClass(org.testng.ITestContext)[pri:0, instance:cucumber.Options.TestRunnerTestNG@43195e57]" started-at="2024-09-16T21:32:08 IST" name="setUpClass" finished-at="2024-09-16T21:32:08 IST" duration-ms="448" status="PASS">
          <params>
            <param index="0">
              <value>
                <![CDATA[org.testng.TestRunner@3df04fa1]]>
              </value>
            </param>
          </params>
          <reporter-output>
          </reporter-output>
        </test-method> <!-- setUpClass -->
        <test-method signature="runScenario(io.cucumber.testng.PickleWrapper,io.cucumber.testng.FeatureWrapper)[pri:0, instance:cucumber.Options.TestRunnerTestNG@43195e57]" started-at="2024-09-16T21:32:08 IST" name="runScenario" description="Runs Cucumber Scenarios" data-provider="scenarios" finished-at="2024-09-16T21:32:15 IST" duration-ms="6630" status="PASS">
          <params>
            <param index="0">
              <value>
                <![CDATA["Verify whether Video Encoder is being successfully created"]]>
              </value>
            </param>
            <param index="1">
              <value>
                <![CDATA["Validating the swagger API for Video Booking-Vendor Dolby"]]>
              </value>
            </param>
          </params>
          <reporter-output>
          </reporter-output>
        </test-method> <!-- runScenario -->
        <test-method is-config="true" signature="tearDownClass()[pri:0, instance:cucumber.Options.TestRunnerTestNG@43195e57]" started-at="2024-09-16T21:32:15 IST" name="tearDownClass" finished-at="2024-09-16T21:32:15 IST" duration-ms="19" status="PASS">
          <reporter-output>
          </reporter-output>
        </test-method> <!-- tearDownClass -->
      </class> <!-- cucumber.Options.TestRunnerTestNG -->
    </test> <!-- API Tests -->
  </suite> <!-- Suite -->
</testng-results>
