<?xml version="1.0" encoding="UTF-8"?>
<testsuite xmlns:xsi="http://www.w3.org/2001/XMLSchema-instance" xsi:noNamespaceSchemaLocation="https://maven.apache.org/surefire/maven-surefire-plugin/xsd/surefire-test-report-3.0.xsd" version="3.0" name="TestSuite" time="8.719" tests="1" errors="0" skipped="0" failures="0">
  <properties>
[...]
</properties>
  <testcase name="runScenario[&quot;Verify whether Video Encoder is being successfully created&quot;, &quot;Validating the swagger API for Video Booking-Vendor Phenix&quot;](1)" classname="cucumber.Options.TestRunnerTestNG" time="7.882">
    <system-out><![CDATA[
@tag @CreateEncoder
Scenario: Verify whether Video Encoder is being successfully created                               # src/test/java/features/encoder.feature:26
  Given Create VideoEncoder with "org/Test_Org/orgUnits/Unit-01", "Test-01", "EncoderID-01", "LTN" # stepDefinition.stepDefinition.create_video_encoder_with(java.lang.String,java.lang.String,java.lang.String,java.lang.String)
Calling API: /prism/v1/video/videoEncoder
Extracted name: org/Test_Org/videoEncoders/0191d76c-310f-7608-b221-c73af42cb3a8
  When User calls "AddEncoderAPI" with "POST" API request                                          # stepDefinition.stepDefinition.user_calls_with_api_request(java.lang.String,java.lang.String)
Extracted encoder name: org/Test_Org/videoEncoders/0191d76c-310f-7608-b221-c73af42cb3a8
  And Extract the encoder name                                                                     # stepDefinition.stepDefinition.extract_encoder_name()
  Then the API calls got success with 200                                                          # stepDefinition.stepDefinition.the_api_calls_got_success_with(java.lang.Integer)
STATE_ACTIVE
  Then "state" in response body as "STATE_ACTIVE"                                                  # stepDefinition.stepDefinition.in_response_body_as(java.lang.String,java.lang.String)
Calling API: /prism/v1/video/{name}
Get Request Extracted name: org/Test_Org/videoEncoders/0191d76c-310f-7608-b221-c73af42cb3a8
Verified name: org/Test_Org/videoEncoders/0191d76c-310f-7608-b221-c73af42cb3a8
Passed
  And verify name created maps to "name" using "GetEncoderAPI"                                     # stepDefinition.stepDefinition.verify_name_created_maps_to_using(java.lang.String,java.lang.String)
  And the API calls got success with 200                                                           # stepDefinition.stepDefinition.the_api_calls_got_success_with(java.lang.Integer)
STATE_ACTIVE
  And "state" in response body as "STATE_ACTIVE"                                                   # stepDefinition.stepDefinition.in_response_body_as(java.lang.String,java.lang.String)
Calling API: /prism/v1/video/{name}:disable
  And User calls "DisableEncoderAPI" with "POST" API request                                       # stepDefinition.stepDefinition.user_calls_with_api_request(java.lang.String,java.lang.String)
Calling API: /prism/v1/video/{name}:reenable
  And User calls "ReenableEncoderAPI" with "POST" API request                                      # stepDefinition.stepDefinition.user_calls_with_api_request(java.lang.String,java.lang.String)
Calling API: /prism/v1/video
Patch Request for: org/Test_Org/videoEncoders/0191d76c-310f-7608-b221-c73af42cb3a8
Update API URL: /prism/v1/video/org/Test_Org/videoEncoders/0191d76c-310f-7608-b221-c73af42cb3a8?field_mask=display_name,vendor_encoder_identifier
{"name":"org/Test_Org/videoEncoders/0191d76c-310f-7608-b221-c73af42cb3a8", "parent":"org/Test_Org/orgUnits/Unit-01", "audit_info":{"create_time":"2024-09-09T15:34:37.590549Z", "created_by":"org/1ST/users/11111111-1111-1111-1111-111111111111", "update_time":"2024-09-09T15:34:41.249952Z", "updated_by":"org/1ST/users/11111111-1111-1111-1111-111111111111", "version":30986038}, "display_name":{"value":"UpdatedDisplayName-6fd3"}, "vendor":"VENDOR_LTN", "vendor_encoder_identifier":"UpdatedID-d0d4", "state":"STATE_ACTIVE"}
  And User calls "UpdateEncoderAPI" with "PATCH" API request                                       # stepDefinition.stepDefinition.user_calls_with_api_request(java.lang.String,java.lang.String)
  And the API calls got success with 200                                                           # stepDefinition.stepDefinition.the_api_calls_got_success_with(java.lang.Integer)
STATE_ACTIVE
  And "state" in response body as "STATE_ACTIVE"                                                   # stepDefinition.stepDefinition.in_response_body_as(java.lang.String,java.lang.String)
Calling API: /prism/v1/video/videoEncoders
  And User calls "ListEncoderAPI" with "POST" API request                                          # stepDefinition.stepDefinition.user_calls_with_api_request(java.lang.String,java.lang.String)
Calling API: /prism/v1/video/{name}
Delete Request Extracted name: org/Test_Org/videoEncoders/0191d76c-310f-7608-b221-c73af42cb3a8
  And User calls "DeleteEncoderAPI" with "DELETE" API request                                      # stepDefinition.stepDefinition.user_calls_with_api_request(java.lang.String,java.lang.String)
]]></system-out>
    <system-err><![CDATA[SLF4J: Failed to load class "org.slf4j.impl.StaticLoggerBinder".
SLF4J: Defaulting to no-operation (NOP) logger implementation
SLF4J: See http://www.slf4j.org/codes.html#StaticLoggerBinder for further details.
]]></system-err>
  </testcase>
</testsuite>