<?xml version="1.0" encoding="UTF-8"?>
<testng-results ignored="0" total="1" passed="1" failed="0" skipped="0">
  <reporter-output>
  </reporter-output>
  <suite started-at="2024-09-10T13:29:54 IST" name="Suite" finished-at="2024-09-10T13:30:05 IST" duration-ms="10760">
    <groups>
      <group name="cucumber">
        <method signature="AbstractTestNGCucumberTests.runScenario(io.cucumber.testng.PickleWrapper,io.cucumber.testng.FeatureWrapper)[pri:0, instance:cucumber.Options.TestRunnerTestNG@6b81ce95]" name="runScenario" class="io.cucumber.testng.AbstractTestNGCucumberTests"/>
      </group> <!-- cucumber -->
    </groups>
    <test started-at="2024-09-10T13:29:54 IST" name="API Tests" finished-at="2024-09-10T13:30:05 IST" duration-ms="10760">
      <class name="cucumber.Options.TestRunnerTestNG">
        <test-method is-config="true" signature="setUpClass(org.testng.ITestContext)[pri:0, instance:cucumber.Options.TestRunnerTestNG@6b81ce95]" started-at="2024-09-10T13:29:54 IST" name="setUpClass" finished-at="2024-09-10T13:29:55 IST" duration-ms="410" status="PASS">
          <params>
            <param index="0">
              <value>
                <![CDATA[org.testng.TestRunner@6a9df5]]>
              </value>
            </param>
          </params>
          <reporter-output>
          </reporter-output>
        </test-method> <!-- setUpClass -->
        <test-method signature="runScenario(io.cucumber.testng.PickleWrapper,io.cucumber.testng.FeatureWrapper)[pri:0, instance:cucumber.Options.TestRunnerTestNG@6b81ce95]" started-at="2024-09-10T13:29:55 IST" name="runScenario" description="Runs Cucumber Scenarios" data-provider="scenarios" finished-at="2024-09-10T13:30:05 IST" duration-ms="10078" status="PASS">
          <params>
            <param index="0">
              <value>
                <![CDATA["Verify whether Video Encoder is being successfully created"]]>
              </value>
            </param>
            <param index="1">
              <value>
                <![CDATA["Validating the swagger API for Video Booking-Vendor Phenix"]]>
              </value>
            </param>
          </params>
          <reporter-output>
          </reporter-output>
        </test-method> <!-- runScenario -->
        <test-method is-config="true" signature="tearDownClass()[pri:0, instance:cucumber.Options.TestRunnerTestNG@6b81ce95]" started-at="2024-09-10T13:30:05 IST" name="tearDownClass" finished-at="2024-09-10T13:30:05 IST" duration-ms="25" status="PASS">
          <reporter-output>
          </reporter-output>
        </test-method> <!-- tearDownClass -->
      </class> <!-- cucumber.Options.TestRunnerTestNG -->
    </test> <!-- API Tests -->
  </suite> <!-- Suite -->
</testng-results>
